<?xml version="1.0" encoding="UTF-8"?>
<!-- Generated by org.testng.reporters.JUnitXMLReporter -->
<testsuite ignored="7" hostname="DESKTOP-M4GRLMR" failures="0" tests="1" name="Default test" time="29.393" errors="0" timestamp="2023-11-29T20:57:20 EET">
  <testcase classname="MyTestcases" name="HotelTabSwitch" time="25.645"/>
  <testcase classname="MyTestcases" name="checktheCurrency" time="0.0">
    <ignored/>
  </testcase> <!-- checktheCurrency -->
  <testcase classname="MyTestcases" name="checkQitafLogoIsThere" time="0.0">
    <ignored/>
  </testcase> <!-- checkQitafLogoIsThere -->
  <testcase classname="MyTestcases" name="checktheLanguage" time="0.0">
    <ignored/>
  </testcase> <!-- checktheLanguage -->
  <testcase classname="MyTestcases" name="ContactNumberCheck" time="0.0">
    <ignored/>
  </testcase> <!-- ContactNumberCheck -->
  <testcase classname="MyTestcases" name="CheckTheDateOfTheWebSite" time="0.0">
    <ignored/>
  </testcase> <!-- CheckTheDateOfTheWebSite -->
  <testcase classname="MyTestcases" name="changeTheLanguageofTheWebsiteRandomly" time="0.0">
    <ignored/>
  </testcase> <!-- changeTheLanguageofTheWebsiteRandomly -->
  <testcase classname="MyTestcases" name="CheckHotelTabIsNotSelected" time="0.0">
    <ignored/>
  </testcase> <!-- CheckHotelTabIsNotSelected -->
</testsuite> <!-- Default test -->
