<?xml version="1.0" encoding="UTF-8"?>
<testng-results ignored="7" total="8" passed="1" failed="0" skipped="0">
  <reporter-output>
  </reporter-output>
  <suite started-at="2023-11-29T20:56:51 EET" name="Default suite" finished-at="2023-11-29T20:57:20 EET" duration-ms="29393">
    <groups>
    </groups>
    <test started-at="2023-11-29T20:56:51 EET" name="Default test" finished-at="2023-11-29T20:57:20 EET" duration-ms="29393">
      <class name="MyTestcases">
        <test-method is-config="true" signature="myBeforeTest()[pri:0, instance:MyTestcases@3e34ace1]" started-at="2023-11-29T20:56:51 EET" name="myBeforeTest" finished-at="2023-11-29T20:56:55 EET" duration-ms="3729" status="PASS">
          <reporter-output>
          </reporter-output>
        </test-method> <!-- myBeforeTest -->
        <test-method signature="HotelTabSwitch()[pri:0, instance:MyTestcases@3e34ace1]" started-at="2023-11-29T20:56:55 EET" name="HotelTabSwitch" finished-at="2023-11-29T20:57:20 EET" duration-ms="25645" status="PASS">
          <reporter-output>
          </reporter-output>
        </test-method> <!-- HotelTabSwitch -->
      </class> <!-- MyTestcases -->
    </test> <!-- Default test -->
  </suite> <!-- Default suite -->
</testng-results>
